<?xml version="1.0" encoding="UTF-8"?>
<!-- Generated by org.testng.reporters.JUnitReportReporter -->
<testsuite hostname="DESKTOP-TNHRL6O" failures="0" tests="5" name="com.acti.testcase.LoginPageTests" time="31.435" errors="0" timestamp="2023-04-29T15:17:24 PDT" skipped="0">
  <testcase classname="com.acti.testcase.LoginPageTests" name="testForgotPasswordDisplayed" time="4.459"/>
  <system-out/>
  <testcase classname="com.acti.testcase.LoginPageTests" name="testActiImgDisplayed" time="8.290"/>
  <system-out/>
  <testcase classname="com.acti.testcase.LoginPageTests" name="testLoginPageTitle" time="6.510"/>
  <system-out/>
  <testcase classname="com.acti.testcase.LoginPageTests" name="testLoginInvalidCredientials" time="7.721"/>
  <system-out/>
  <testcase classname="com.acti.testcase.LoginPageTests" name="testLoginFunction" time="4.455"/>
  <system-out/>
</testsuite> <!-- com.acti.testcase.LoginPageTests -->
