<?xml version="1.0" encoding="UTF-8"?>
<!-- Generated by org.testng.reporters.JUnitReportReporter -->
<testsuite hostname="DESKTOP-TNHRL6O" failures="0" tests="1" name="com.acti.base.DriverScript" time="4.448" errors="0" timestamp="2023-04-27T12:29:03 PDT" skipped="0">
  <testcase classname="com.acti.base.DriverScript" name="initApplication" time="4.448"/>
  <system-out/>
</testsuite> <!-- com.acti.base.DriverScript -->
