<?xml version="1.0" encoding="UTF-8"?>
<!-- Generated by org.testng.reporters.JUnitReportReporter -->
<testsuite hostname="DESKTOP-TNHRL6O" failures="0" tests="2" name="com.acti.testcase.TaskPageTests" time="40.507" errors="0" timestamp="2023-05-02T16:48:58 PDT" skipped="0">
  <testcase classname="com.acti.testcase.TaskPageTests" name="testLoginFunctionforTaskPg" time="21.955"/>
  <system-out/>
  <testcase classname="com.acti.testcase.TaskPageTests" name="testDeleteCustomer" time="18.552"/>
  <system-out/>
</testsuite> <!-- com.acti.testcase.TaskPageTests -->
