<?xml version="1.0" encoding="UTF-8"?>
<!-- Generated by org.testng.reporters.JUnitReportReporter -->
<testsuite hostname="DESKTOP-TNHRL6O" failures="0" tests="5" name="com.acti.testcase.LoginPageTests" time="25.109" errors="0" timestamp="2023-05-02T16:41:30 PDT" skipped="0">
  <testcase classname="com.acti.testcase.LoginPageTests" name="testLoginFunction" time="4.628"/>
  <system-out/>
  <testcase classname="com.acti.testcase.LoginPageTests" name="testActiImgDisplayed" time="4.757"/>
  <system-out/>
  <testcase classname="com.acti.testcase.LoginPageTests" name="testLoginPageTitle" time="4.027"/>
  <system-out/>
  <testcase classname="com.acti.testcase.LoginPageTests" name="testLoginInvalidCredientials" time="7.486"/>
  <system-out/>
  <testcase classname="com.acti.testcase.LoginPageTests" name="testForgotPasswordDisplayed" time="4.211"/>
  <system-out/>
</testsuite> <!-- com.acti.testcase.LoginPageTests -->
